<?xml version="1.0" encoding="UTF-8"?>
<testng-results ignored="0" total="1" passed="1" failed="0" skipped="0">
  <reporter-output>
  </reporter-output>
  <suite started-at="2024-09-21T14:32:40 IST" name="Default suite" finished-at="2024-09-21T14:33:05 IST" duration-ms="24453">
    <groups>
    </groups>
    <test started-at="2024-09-21T14:32:40 IST" name="Default test" finished-at="2024-09-21T14:33:05 IST" duration-ms="24453">
      <class name="Project1.Amazon_end_to_end.TestCase1">
        <test-method is-config="true" signature="Amz_launch()[pri:0, instance:Project1.Amazon_end_to_end.TestCase1@4fce136b]" started-at="2024-09-21T14:32:40 IST" name="Amz_launch" finished-at="2024-09-21T14:32:54 IST" duration-ms="13423" status="PASS">
          <reporter-output>
          </reporter-output>
        </test-method> <!-- Amz_launch -->
        <test-method signature="login_amazon()[pri:0, instance:Project1.Amazon_end_to_end.TestCase1@4fce136b]" started-at="2024-09-21T14:32:54 IST" name="login_amazon" finished-at="2024-09-21T14:33:05 IST" duration-ms="10905" status="PASS">
          <reporter-output>
          </reporter-output>
        </test-method> <!-- login_amazon -->
      </class> <!-- Project1.Amazon_end_to_end.TestCase1 -->
    </test> <!-- Default test -->
  </suite> <!-- Default suite -->
</testng-results>
